INFO [2016-11-09 23:02:05] $x
INFO [2016-11-09 23:02:05] candidates
INFO [2016-11-09 23:02:05] 
INFO [2016-11-09 23:02:05] $filename
INFO [2016-11-09 23:02:05] NULL
INFO [2016-11-09 23:02:05] 
INFO [2016-11-09 23:02:05] $lwd
INFO [2016-11-09 23:02:05] [1] 4
INFO [2016-11-09 23:02:05] 
INFO [2016-11-09 23:02:05] $col
INFO [2016-11-09 23:02:05] [1] "transparent"
INFO [2016-11-09 23:02:05] 
INFO [2016-11-09 23:02:05] $fill
INFO [2016-11-09 23:02:05] (values = c("#00441b", "#238b45", "#66c2a4", "#ccece6"))
INFO [2016-11-09 23:02:05] 
INFO [2016-11-09 23:02:05] $alpha
INFO [2016-11-09 23:02:05] [1] 0.5
INFO [2016-11-09 23:02:05] 
INFO [2016-11-09 23:02:05] $cex
INFO [2016-11-09 23:02:05] [1] 1
INFO [2016-11-09 23:02:05] 
INFO [2016-11-09 23:02:05] $fontfamily
INFO [2016-11-09 23:02:05] [1] "sans"
INFO [2016-11-09 23:02:05] 
INFO [2016-11-09 23:02:05] $cat.default.pos
INFO [2016-11-09 23:02:05] [1] "text"
INFO [2016-11-09 23:02:05] 
INFO [2016-11-09 23:02:05] $cat.cex
INFO [2016-11-09 23:02:05] [1] 1
INFO [2016-11-09 23:02:05] 
INFO [2016-11-09 23:02:05] $cat.fontfamily
INFO [2016-11-09 23:02:05] [1] "sans"
INFO [2016-11-09 23:02:05] 
